<?xml version="1.0" encoding="UTF-8"?>
<!-- Generated by org.testng.reporters.JUnitXMLReporter -->
<testsuite ignored="3" hostname="DESKTOP-S4THFM7" failures="0" tests="1" name="ChromeTest" time="6.713" errors="0" timestamp="2025-01-27T13:09:04 IST">
  <testcase classname="testcase.LoginTest" name="userLoginWithValidUsernameandValidPassword" time="2.43"/>
  <testcase classname="testcase.LoginTest" name="userLoginWithInvalidUsernameandValidPassword" time="0.0">
    <ignored/>
  </testcase> <!-- userLoginWithInvalidUsernameandValidPassword -->
  <testcase classname="testcase.LoginTest" name="userLoginWithInvalidUsernameandInvalidPassword" time="0.0">
    <ignored/>
  </testcase> <!-- userLoginWithInvalidUsernameandInvalidPassword -->
  <testcase classname="testcase.LoginTest" name="userLoginWithValidUsernameandInvalidPassword" time="0.0">
    <ignored/>
  </testcase> <!-- userLoginWithValidUsernameandInvalidPassword -->
</testsuite> <!-- ChromeTest -->
