<?xml version="1.0" encoding="UTF-8"?>
<!-- Generated by org.testng.reporters.JUnitXMLReporter -->
<testsuite ignored="4" hostname="DESKTOP-S4THFM7" failures="0" tests="1" name="Login" time="5.668" errors="0" timestamp="2025-01-20T09:31:18 IST">
  <testcase classname="testcase_package.LoginTests" name="userLoginWithValidUsernameandValidPassword" time="1.528"/>
  <testcase classname="testcase_package.LoginTests" name="userLoginWithInvalidUsernameandValidPassword" time="0.0">
    <ignored/>
  </testcase> <!-- userLoginWithInvalidUsernameandValidPassword -->
  <testcase classname="testcase_package.LoginTests" name="userLoginWithValidUsernameandInvalidPassword" time="0.0">
    <ignored/>
  </testcase> <!-- userLoginWithValidUsernameandInvalidPassword -->
  <testcase classname="testcase_package.LoginTests" name="userLoginWithInvalidUsernameandInvalidPassword" time="0.0">
    <ignored/>
  </testcase> <!-- userLoginWithInvalidUsernameandInvalidPassword -->
  <testcase classname="testcase_package.LoginTests" name="clickLogoutButton" time="0.0">
    <ignored/>
  </testcase> <!-- clickLogoutButton -->
</testsuite> <!-- Login -->
