<?xml version="1.0" encoding="UTF-8"?>
<!-- Generated by org.testng.reporters.JUnitXMLReporter -->
<testsuite ignored="4" hostname="DESKTOP-S4THFM7" failures="0" tests="1" name="Login4" time="4.391" errors="0" timestamp="2025-01-21T18:25:46 IST">
  <testcase classname="testcase.LoginTest" name="userLoginWithInvalidUsernameandInvalidPassword" time="1.111"/>
  <testcase classname="testcase.LoginTest" name="userLoginWithValidUsernameandInvalidPassword" time="0.0">
    <ignored/>
  </testcase> <!-- userLoginWithValidUsernameandInvalidPassword -->
  <testcase classname="testcase.LoginTest" name="userLoginWithInvalidUsernameandValidPassword" time="0.0">
    <ignored/>
  </testcase> <!-- userLoginWithInvalidUsernameandValidPassword -->
  <testcase classname="testcase.LoginTest" name="clickLogoutButton" time="0.0">
    <ignored/>
  </testcase> <!-- clickLogoutButton -->
  <testcase classname="testcase.LoginTest" name="userLoginWithValidUsernameandValidPassword" time="0.0">
    <ignored/>
  </testcase> <!-- userLoginWithValidUsernameandValidPassword -->
</testsuite> <!-- Login4 -->
