<?xml version="1.0" encoding="UTF-8"?>
<!-- Generated by org.testng.reporters.JUnitXMLReporter -->
<testsuite ignored="1" hostname="DESKTOP-S4THFM7" failures="0" tests="1" name="searchcategory" time="8.403" errors="0" timestamp="2025-01-21T21:52:07 IST">
  <testcase classname="testcase.CategoryTest" name="userAbleToSearchCategory" time="3.699"/>
  <testcase classname="testcase.CategoryTest" name="userAbleToAddValidCategory" time="0.0">
    <ignored/>
  </testcase> <!-- userAbleToAddValidCategory -->
</testsuite> <!-- searchcategory -->
