<?xml version="1.0" encoding="UTF-8"?>
<!-- Generated by org.testng.reporters.JUnitXMLReporter -->
<testsuite ignored="0" hostname="DESKTOP-S4THFM7" failures="0" tests="13" name="Test1" time="255.161" errors="0" timestamp="2025-02-03T15:56:14 IST">
  <testcase classname="testcase.LoginTest" name="userLoginWithValidUsernameandValidPassword" time="6.457"/>
  <testcase classname="testcase.LoginTest" name="userLoginWithValidUsernameandInvalidPassword" time="1.296"/>
  <testcase classname="testcase.LoginTest" name="userLoginWithInvalidUsernameandValidPassword" time="1.069"/>
  <testcase classname="testcase.LoginTest" name="userLoginWithInvalidUsernameandValidPassword" time="1.085"/>
  <testcase classname="testcase.LoginTest" name="userLoginWithInvalidUsernameandInvalidPassword" time="1.164"/>
  <testcase classname="testcase.CategoryTest" name="addingANewProductToTheCategory" time="34.443"/>
  <testcase classname="testcase.CategoryTest" name="searchAndVerifyTheNewlyAddedProductInCategory" time="6.011"/>
  <testcase classname="testcase.SubCategoryTest" name="addingANewSubCategoryInSubcategoryField" time="7.76"/>
  <testcase classname="testcase.SubCategoryTest" name="searchNewlyAddedSubCategory" time="5.27"/>
  <testcase classname="testcase.ManageNewsTest" name="addingNewNewsToManageNewsSection" time="4.036"/>
  <testcase classname="testcase.ManageUsersTest" name="addingNewUserToTheManageUserSection" time="4.413"/>
  <testcase classname="testcase.ManageUsersTest" name="searchAndVerifyNewlyAddedUser" time="8.284"/>
  <testcase classname="testcase.HomePageTest" name="adminLogoutAfterAdminLoginToHomePage" time="4.598"/>
</testsuite> <!-- Test1 -->
