<?xml version="1.0" encoding="UTF-8"?>
<!-- Generated by org.testng.reporters.JUnitXMLReporter -->
<testsuite ignored="1" hostname="DESKTOP-S4THFM7" failures="0" tests="1" name="Test2" time="8.093" errors="0" timestamp="2025-02-01T13:39:19 IST">
  <testcase classname="testcase.SubCategoryTest" name="searchNewlyAddedSubCategory" time="3.862"/>
  <testcase classname="testcase.SubCategoryTest" name="addingANewSubCategoryInSubcategoryField" time="0.0">
    <ignored/>
  </testcase> <!-- addingANewSubCategoryInSubcategoryField -->
</testsuite> <!-- Test2 -->
