<?xml version="1.0" encoding="UTF-8"?>
<!-- Generated by org.testng.reporters.JUnitXMLReporter -->
<testsuite ignored="0" hostname="DESKTOP-S4THFM7" failures="0" tests="4" name="Test1" time="25.547" errors="0" timestamp="2025-02-03T19:00:21 IST">
  <testcase classname="testcase.LoginTest" name="userLoginWithValidUsernameandValidPassword" time="3.067"/>
  <testcase classname="testcase.LoginTest" name="userLoginWithValidUsernameandInvalidPassword" time="1.277"/>
  <testcase classname="testcase.LoginTest" name="userLoginWithInvalidUsernameandValidPassword" time="1.124"/>
  <testcase classname="testcase.LoginTest" name="userLoginWithInvalidUsernameandInvalidPassword" time="1.053"/>
</testsuite> <!-- Test1 -->
