<?xml version="1.0" encoding="UTF-8"?>
<testng-results ignored="0" total="13" passed="13" failed="0" skipped="0">
  <reporter-output>
  </reporter-output>
  <suite started-at="2025-02-03T15:51:59 IST" name="Suite" finished-at="2025-02-03T15:56:14 IST" duration-ms="255161">
    <groups>
      <group name="news">
        <method signature="ManageNewsTest.addingNewNewsToManageNewsSection()[pri:1, instance:testcase.ManageNewsTest@471a9022]" name="addingNewNewsToManageNewsSection" class="testcase.ManageNewsTest"/>
      </group> <!-- news -->
      <group name="subcategory">
        <method signature="SubCategoryTest.addingANewSubCategoryInSubcategoryField()[pri:1, instance:testcase.SubCategoryTest@15f47664]" name="addingANewSubCategoryInSubcategoryField" class="testcase.SubCategoryTest"/>
        <method signature="SubCategoryTest.searchNewlyAddedSubCategory()[pri:2, instance:testcase.SubCategoryTest@15f47664]" name="searchNewlyAddedSubCategory" class="testcase.SubCategoryTest"/>
      </group> <!-- subcategory -->
      <group name="login">
        <method signature="LoginTest.userLoginWithValidUsernameandValidPassword()[pri:1, instance:testcase.LoginTest@536dbea0]" name="userLoginWithValidUsernameandValidPassword" class="testcase.LoginTest"/>
        <method signature="LoginTest.userLoginWithValidUsernameandInvalidPassword()[pri:2, instance:testcase.LoginTest@536dbea0]" name="userLoginWithValidUsernameandInvalidPassword" class="testcase.LoginTest"/>
        <method signature="LoginTest.userLoginWithInvalidUsernameandValidPassword(java.lang.String,java.lang.String)[pri:3, instance:testcase.LoginTest@536dbea0]" name="userLoginWithInvalidUsernameandValidPassword" class="testcase.LoginTest"/>
        <method signature="LoginTest.userLoginWithInvalidUsernameandInvalidPassword()[pri:4, instance:testcase.LoginTest@536dbea0]" name="userLoginWithInvalidUsernameandInvalidPassword" class="testcase.LoginTest"/>
      </group> <!-- login -->
      <group name="category">
        <method signature="CategoryTest.addingANewProductToTheCategory()[pri:1, instance:testcase.CategoryTest@e25951c]" name="addingANewProductToTheCategory" class="testcase.CategoryTest"/>
        <method signature="CategoryTest.searchAndVerifyTheNewlyAddedProductInCategory()[pri:2, instance:testcase.CategoryTest@e25951c]" name="searchAndVerifyTheNewlyAddedProductInCategory" class="testcase.CategoryTest"/>
      </group> <!-- category -->
      <group name="user">
        <method signature="ManageUsersTest.addingNewUserToTheManageUserSection()[pri:1, instance:testcase.ManageUsersTest@dc9876b]" name="addingNewUserToTheManageUserSection" class="testcase.ManageUsersTest"/>
        <method signature="ManageUsersTest.searchAndVerifyNewlyAddedUser()[pri:2, instance:testcase.ManageUsersTest@dc9876b]" name="searchAndVerifyNewlyAddedUser" class="testcase.ManageUsersTest"/>
      </group> <!-- user -->
    </groups>
    <test started-at="2025-02-03T15:51:59 IST" name="Test1" finished-at="2025-02-03T15:56:14 IST" duration-ms="255161">
      <class name="testcase.LoginTest">
        <test-method is-config="true" signature="initilizeBrowser(java.lang.String)[pri:0, instance:testcase.LoginTest@536dbea0]" started-at="2025-02-03T15:51:59 IST" name="initilizeBrowser" finished-at="2025-02-03T15:52:59 IST" duration-ms="60192" status="PASS">
          <params>
            <param index="0">
              <value>
                <![CDATA[chrome]]>
              </value>
            </param>
          </params>
          <reporter-output>
          </reporter-output>
        </test-method> <!-- initilizeBrowser -->
        <test-method signature="userLoginWithValidUsernameandValidPassword()[pri:1, instance:testcase.LoginTest@536dbea0]" started-at="2025-02-03T15:52:59 IST" name="userLoginWithValidUsernameandValidPassword" description="user login with valid username and valid password" finished-at="2025-02-03T15:53:06 IST" duration-ms="6457" status="PASS">
          <reporter-output>
          </reporter-output>
        </test-method> <!-- userLoginWithValidUsernameandValidPassword -->
        <test-method is-config="true" signature="driverQuit(org.testng.ITestResult)[pri:0, instance:testcase.LoginTest@536dbea0]" started-at="2025-02-03T15:53:06 IST" name="driverQuit" finished-at="2025-02-03T15:53:06 IST" duration-ms="425" status="PASS">
          <params>
            <param index="0">
              <value>
                <![CDATA[[TestResult name=userLoginWithValidUsernameandValidPassword status=SUCCESS method=LoginTest.userLoginWithValidUsernameandValidPassword()[pri:1, instance:testcase.LoginTest@536dbea0] output={null}]]]>
              </value>
            </param>
          </params>
          <reporter-output>
          </reporter-output>
        </test-method> <!-- driverQuit -->
        <test-method is-config="true" signature="initilizeBrowser(java.lang.String)[pri:0, instance:testcase.LoginTest@536dbea0]" started-at="2025-02-03T15:53:06 IST" name="initilizeBrowser" finished-at="2025-02-03T15:53:13 IST" duration-ms="7286" status="PASS">
          <params>
            <param index="0">
              <value>
                <![CDATA[chrome]]>
              </value>
            </param>
          </params>
          <reporter-output>
          </reporter-output>
        </test-method> <!-- initilizeBrowser -->
        <test-method signature="userLoginWithValidUsernameandInvalidPassword()[pri:2, instance:testcase.LoginTest@536dbea0]" started-at="2025-02-03T15:53:13 IST" name="userLoginWithValidUsernameandInvalidPassword" description="user login with valid username and invalid password" finished-at="2025-02-03T15:53:15 IST" duration-ms="1296" status="PASS">
          <reporter-output>
          </reporter-output>
        </test-method> <!-- userLoginWithValidUsernameandInvalidPassword -->
        <test-method is-config="true" signature="driverQuit(org.testng.ITestResult)[pri:0, instance:testcase.LoginTest@536dbea0]" started-at="2025-02-03T15:53:15 IST" name="driverQuit" finished-at="2025-02-03T15:53:15 IST" duration-ms="265" status="PASS">
          <params>
            <param index="0">
              <value>
                <![CDATA[[TestResult name=userLoginWithValidUsernameandInvalidPassword status=SUCCESS method=LoginTest.userLoginWithValidUsernameandInvalidPassword()[pri:2, instance:testcase.LoginTest@536dbea0] output={null}]]]>
              </value>
            </param>
          </params>
          <reporter-output>
          </reporter-output>
        </test-method> <!-- driverQuit -->
        <test-method is-config="true" signature="initilizeBrowser(java.lang.String)[pri:0, instance:testcase.LoginTest@536dbea0]" started-at="2025-02-03T15:53:15 IST" name="initilizeBrowser" finished-at="2025-02-03T15:53:30 IST" duration-ms="14751" status="PASS">
          <params>
            <param index="0">
              <value>
                <![CDATA[chrome]]>
              </value>
            </param>
          </params>
          <reporter-output>
          </reporter-output>
        </test-method> <!-- initilizeBrowser -->
        <test-method signature="userLoginWithInvalidUsernameandValidPassword(java.lang.String,java.lang.String)[pri:3, instance:testcase.LoginTest@536dbea0]" started-at="2025-02-03T15:53:30 IST" name="userLoginWithInvalidUsernameandValidPassword" description="user login with invalid username and valid password" data-provider="loginprovider" finished-at="2025-02-03T15:53:31 IST" duration-ms="1069" status="PASS">
          <params>
            <param index="0">
              <value>
                <![CDATA[admin12345]]>
              </value>
            </param>
            <param index="1">
              <value>
                <![CDATA[admin123]]>
              </value>
            </param>
          </params>
          <reporter-output>
          </reporter-output>
        </test-method> <!-- userLoginWithInvalidUsernameandValidPassword -->
        <test-method is-config="true" signature="driverQuit(org.testng.ITestResult)[pri:0, instance:testcase.LoginTest@536dbea0]" started-at="2025-02-03T15:53:31 IST" name="driverQuit" finished-at="2025-02-03T15:53:31 IST" duration-ms="254" status="PASS">
          <params>
            <param index="0">
              <value>
                <![CDATA[[TestResult name=userLoginWithInvalidUsernameandValidPassword status=SUCCESS method=LoginTest.userLoginWithInvalidUsernameandValidPassword(java.lang.String,java.lang.String)[pri:3, instance:testcase.LoginTest@536dbea0] output={null}]]]>
              </value>
            </param>
          </params>
          <reporter-output>
          </reporter-output>
        </test-method> <!-- driverQuit -->
        <test-method is-config="true" signature="initilizeBrowser(java.lang.String)[pri:0, instance:testcase.LoginTest@536dbea0]" started-at="2025-02-03T15:53:31 IST" name="initilizeBrowser" finished-at="2025-02-03T15:53:35 IST" duration-ms="4433" status="PASS">
          <params>
            <param index="0">
              <value>
                <![CDATA[chrome]]>
              </value>
            </param>
          </params>
          <reporter-output>
          </reporter-output>
        </test-method> <!-- initilizeBrowser -->
        <test-method signature="userLoginWithInvalidUsernameandValidPassword(java.lang.String,java.lang.String)[pri:3, instance:testcase.LoginTest@536dbea0]" started-at="2025-02-03T15:53:35 IST" name="userLoginWithInvalidUsernameandValidPassword" description="user login with invalid username and valid password" data-provider="loginprovider" finished-at="2025-02-03T15:53:36 IST" duration-ms="1085" status="PASS">
          <params>
            <param index="0">
              <value>
                <![CDATA[admin123]]>
              </value>
            </param>
            <param index="1">
              <value>
                <![CDATA[admin12345]]>
              </value>
            </param>
          </params>
          <reporter-output>
          </reporter-output>
        </test-method> <!-- userLoginWithInvalidUsernameandValidPassword -->
        <test-method is-config="true" signature="driverQuit(org.testng.ITestResult)[pri:0, instance:testcase.LoginTest@536dbea0]" started-at="2025-02-03T15:53:36 IST" name="driverQuit" finished-at="2025-02-03T15:53:37 IST" duration-ms="299" status="PASS">
          <params>
            <param index="0">
              <value>
                <![CDATA[[TestResult name=userLoginWithInvalidUsernameandValidPassword status=SUCCESS method=LoginTest.userLoginWithInvalidUsernameandValidPassword(java.lang.String,java.lang.String)[pri:3, instance:testcase.LoginTest@536dbea0] output={null}]]]>
              </value>
            </param>
          </params>
          <reporter-output>
          </reporter-output>
        </test-method> <!-- driverQuit -->
        <test-method is-config="true" signature="initilizeBrowser(java.lang.String)[pri:0, instance:testcase.LoginTest@536dbea0]" started-at="2025-02-03T15:53:37 IST" name="initilizeBrowser" finished-at="2025-02-03T15:53:48 IST" duration-ms="11080" status="PASS">
          <params>
            <param index="0">
              <value>
                <![CDATA[chrome]]>
              </value>
            </param>
          </params>
          <reporter-output>
          </reporter-output>
        </test-method> <!-- initilizeBrowser -->
        <test-method signature="userLoginWithInvalidUsernameandInvalidPassword()[pri:4, instance:testcase.LoginTest@536dbea0]" started-at="2025-02-03T15:53:48 IST" name="userLoginWithInvalidUsernameandInvalidPassword" description="user login with invalid username and invalid password" finished-at="2025-02-03T15:53:49 IST" duration-ms="1164" status="PASS">
          <reporter-output>
          </reporter-output>
        </test-method> <!-- userLoginWithInvalidUsernameandInvalidPassword -->
        <test-method is-config="true" signature="driverQuit(org.testng.ITestResult)[pri:0, instance:testcase.LoginTest@536dbea0]" started-at="2025-02-03T15:53:49 IST" name="driverQuit" finished-at="2025-02-03T15:53:49 IST" duration-ms="247" status="PASS">
          <params>
            <param index="0">
              <value>
                <![CDATA[[TestResult name=userLoginWithInvalidUsernameandInvalidPassword status=SUCCESS method=LoginTest.userLoginWithInvalidUsernameandInvalidPassword()[pri:4, instance:testcase.LoginTest@536dbea0] output={null}]]]>
              </value>
            </param>
          </params>
          <reporter-output>
          </reporter-output>
        </test-method> <!-- driverQuit -->
      </class> <!-- testcase.LoginTest -->
      <class name="testcase.HomePageTest">
        <test-method is-config="true" signature="initilizeBrowser(java.lang.String)[pri:0, instance:testcase.HomePageTest@2f666ebb]" started-at="2025-02-03T15:55:59 IST" name="initilizeBrowser" finished-at="2025-02-03T15:56:09 IST" duration-ms="10404" status="PASS">
          <params>
            <param index="0">
              <value>
                <![CDATA[chrome]]>
              </value>
            </param>
          </params>
          <reporter-output>
          </reporter-output>
        </test-method> <!-- initilizeBrowser -->
        <test-method signature="adminLogoutAfterAdminLoginToHomePage()[pri:1, instance:testcase.HomePageTest@2f666ebb]" started-at="2025-02-03T15:56:09 IST" name="adminLogoutAfterAdminLoginToHomePage" description=" logout from website" finished-at="2025-02-03T15:56:14 IST" duration-ms="4598" status="PASS">
          <reporter-output>
          </reporter-output>
        </test-method> <!-- adminLogoutAfterAdminLoginToHomePage -->
        <test-method is-config="true" signature="driverQuit(org.testng.ITestResult)[pri:0, instance:testcase.HomePageTest@2f666ebb]" started-at="2025-02-03T15:56:14 IST" name="driverQuit" finished-at="2025-02-03T15:56:14 IST" duration-ms="226" status="PASS">
          <params>
            <param index="0">
              <value>
                <![CDATA[[TestResult name=adminLogoutAfterAdminLoginToHomePage status=SUCCESS method=HomePageTest.adminLogoutAfterAdminLoginToHomePage()[pri:1, instance:testcase.HomePageTest@2f666ebb] output={null}]]]>
              </value>
            </param>
          </params>
          <reporter-output>
          </reporter-output>
        </test-method> <!-- driverQuit -->
      </class> <!-- testcase.HomePageTest -->
      <class name="testcase.ManageUsersTest">
        <test-method is-config="true" signature="initilizeBrowser(java.lang.String)[pri:0, instance:testcase.ManageUsersTest@dc9876b]" started-at="2025-02-03T15:55:29 IST" name="initilizeBrowser" finished-at="2025-02-03T15:55:34 IST" duration-ms="4652" status="PASS">
          <params>
            <param index="0">
              <value>
                <![CDATA[chrome]]>
              </value>
            </param>
          </params>
          <reporter-output>
          </reporter-output>
        </test-method> <!-- initilizeBrowser -->
        <test-method signature="addingNewUserToTheManageUserSection()[pri:1, instance:testcase.ManageUsersTest@dc9876b]" started-at="2025-02-03T15:55:34 IST" name="addingNewUserToTheManageUserSection" description="add new user" finished-at="2025-02-03T15:55:38 IST" duration-ms="4413" status="PASS">
          <reporter-output>
          </reporter-output>
        </test-method> <!-- addingNewUserToTheManageUserSection -->
        <test-method is-config="true" signature="driverQuit(org.testng.ITestResult)[pri:0, instance:testcase.ManageUsersTest@dc9876b]" started-at="2025-02-03T15:55:38 IST" name="driverQuit" finished-at="2025-02-03T15:55:38 IST" duration-ms="260" status="PASS">
          <params>
            <param index="0">
              <value>
                <![CDATA[[TestResult name=addingNewUserToTheManageUserSection status=SUCCESS method=ManageUsersTest.addingNewUserToTheManageUserSection()[pri:1, instance:testcase.ManageUsersTest@dc9876b] output={null}]]]>
              </value>
            </param>
          </params>
          <reporter-output>
          </reporter-output>
        </test-method> <!-- driverQuit -->
        <test-method is-config="true" signature="initilizeBrowser(java.lang.String)[pri:0, instance:testcase.ManageUsersTest@dc9876b]" started-at="2025-02-03T15:55:38 IST" name="initilizeBrowser" finished-at="2025-02-03T15:55:50 IST" duration-ms="11757" status="PASS">
          <params>
            <param index="0">
              <value>
                <![CDATA[chrome]]>
              </value>
            </param>
          </params>
          <reporter-output>
          </reporter-output>
        </test-method> <!-- initilizeBrowser -->
        <test-method signature="searchAndVerifyNewlyAddedUser()[pri:2, instance:testcase.ManageUsersTest@dc9876b]" started-at="2025-02-03T15:55:50 IST" name="searchAndVerifyNewlyAddedUser" description="search a user" finished-at="2025-02-03T15:55:59 IST" duration-ms="8284" status="PASS">
          <reporter-output>
          </reporter-output>
        </test-method> <!-- searchAndVerifyNewlyAddedUser -->
        <test-method is-config="true" signature="driverQuit(org.testng.ITestResult)[pri:0, instance:testcase.ManageUsersTest@dc9876b]" started-at="2025-02-03T15:55:59 IST" name="driverQuit" finished-at="2025-02-03T15:55:59 IST" duration-ms="286" status="PASS">
          <params>
            <param index="0">
              <value>
                <![CDATA[[TestResult name=searchAndVerifyNewlyAddedUser status=SUCCESS method=ManageUsersTest.searchAndVerifyNewlyAddedUser()[pri:2, instance:testcase.ManageUsersTest@dc9876b] output={null}]]]>
              </value>
            </param>
          </params>
          <reporter-output>
          </reporter-output>
        </test-method> <!-- driverQuit -->
      </class> <!-- testcase.ManageUsersTest -->
      <class name="testcase.SubCategoryTest">
        <test-method is-config="true" signature="initilizeBrowser(java.lang.String)[pri:0, instance:testcase.SubCategoryTest@15f47664]" started-at="2025-02-03T15:54:50 IST" name="initilizeBrowser" finished-at="2025-02-03T15:55:00 IST" duration-ms="10718" status="PASS">
          <params>
            <param index="0">
              <value>
                <![CDATA[chrome]]>
              </value>
            </param>
          </params>
          <reporter-output>
          </reporter-output>
        </test-method> <!-- initilizeBrowser -->
        <test-method signature="addingANewSubCategoryInSubcategoryField()[pri:1, instance:testcase.SubCategoryTest@15f47664]" started-at="2025-02-03T15:55:00 IST" name="addingANewSubCategoryInSubcategoryField" description="add sub category" finished-at="2025-02-03T15:55:08 IST" duration-ms="7760" status="PASS">
          <reporter-output>
          </reporter-output>
        </test-method> <!-- addingANewSubCategoryInSubcategoryField -->
        <test-method is-config="true" signature="driverQuit(org.testng.ITestResult)[pri:0, instance:testcase.SubCategoryTest@15f47664]" started-at="2025-02-03T15:55:08 IST" name="driverQuit" finished-at="2025-02-03T15:55:08 IST" duration-ms="282" status="PASS">
          <params>
            <param index="0">
              <value>
                <![CDATA[[TestResult name=addingANewSubCategoryInSubcategoryField status=SUCCESS method=SubCategoryTest.addingANewSubCategoryInSubcategoryField()[pri:1, instance:testcase.SubCategoryTest@15f47664] output={null}]]]>
              </value>
            </param>
          </params>
          <reporter-output>
          </reporter-output>
        </test-method> <!-- driverQuit -->
        <test-method is-config="true" signature="initilizeBrowser(java.lang.String)[pri:0, instance:testcase.SubCategoryTest@15f47664]" started-at="2025-02-03T15:55:08 IST" name="initilizeBrowser" finished-at="2025-02-03T15:55:13 IST" duration-ms="5089" status="PASS">
          <params>
            <param index="0">
              <value>
                <![CDATA[chrome]]>
              </value>
            </param>
          </params>
          <reporter-output>
          </reporter-output>
        </test-method> <!-- initilizeBrowser -->
        <test-method signature="searchNewlyAddedSubCategory()[pri:2, instance:testcase.SubCategoryTest@15f47664]" started-at="2025-02-03T15:55:13 IST" name="searchNewlyAddedSubCategory" description=" search sub category" finished-at="2025-02-03T15:55:19 IST" duration-ms="5270" status="PASS">
          <reporter-output>
          </reporter-output>
        </test-method> <!-- searchNewlyAddedSubCategory -->
        <test-method is-config="true" signature="driverQuit(org.testng.ITestResult)[pri:0, instance:testcase.SubCategoryTest@15f47664]" started-at="2025-02-03T15:55:19 IST" name="driverQuit" finished-at="2025-02-03T15:55:19 IST" duration-ms="319" status="PASS">
          <params>
            <param index="0">
              <value>
                <![CDATA[[TestResult name=searchNewlyAddedSubCategory status=SUCCESS method=SubCategoryTest.searchNewlyAddedSubCategory()[pri:2, instance:testcase.SubCategoryTest@15f47664] output={null}]]]>
              </value>
            </param>
          </params>
          <reporter-output>
          </reporter-output>
        </test-method> <!-- driverQuit -->
      </class> <!-- testcase.SubCategoryTest -->
      <class name="testcase.ManageNewsTest">
        <test-method is-config="true" signature="initilizeBrowser(java.lang.String)[pri:0, instance:testcase.ManageNewsTest@471a9022]" started-at="2025-02-03T15:55:19 IST" name="initilizeBrowser" finished-at="2025-02-03T15:55:25 IST" duration-ms="5634" status="PASS">
          <params>
            <param index="0">
              <value>
                <![CDATA[chrome]]>
              </value>
            </param>
          </params>
          <reporter-output>
          </reporter-output>
        </test-method> <!-- initilizeBrowser -->
        <test-method signature="addingNewNewsToManageNewsSection()[pri:1, instance:testcase.ManageNewsTest@471a9022]" started-at="2025-02-03T15:55:25 IST" name="addingNewNewsToManageNewsSection" description="add news" finished-at="2025-02-03T15:55:29 IST" duration-ms="4036" status="PASS">
          <reporter-output>
          </reporter-output>
        </test-method> <!-- addingNewNewsToManageNewsSection -->
        <test-method is-config="true" signature="driverQuit(org.testng.ITestResult)[pri:0, instance:testcase.ManageNewsTest@471a9022]" started-at="2025-02-03T15:55:29 IST" name="driverQuit" finished-at="2025-02-03T15:55:29 IST" duration-ms="383" status="PASS">
          <params>
            <param index="0">
              <value>
                <![CDATA[[TestResult name=addingNewNewsToManageNewsSection status=SUCCESS method=ManageNewsTest.addingNewNewsToManageNewsSection()[pri:1, instance:testcase.ManageNewsTest@471a9022] output={null}]]]>
              </value>
            </param>
          </params>
          <reporter-output>
          </reporter-output>
        </test-method> <!-- driverQuit -->
      </class> <!-- testcase.ManageNewsTest -->
      <class name="testcase.CategoryTest">
        <test-method is-config="true" signature="initilizeBrowser(java.lang.String)[pri:0, instance:testcase.CategoryTest@e25951c]" started-at="2025-02-03T15:53:49 IST" name="initilizeBrowser" finished-at="2025-02-03T15:54:01 IST" duration-ms="11891" status="PASS">
          <params>
            <param index="0">
              <value>
                <![CDATA[chrome]]>
              </value>
            </param>
          </params>
          <reporter-output>
          </reporter-output>
        </test-method> <!-- initilizeBrowser -->
        <test-method signature="addingANewProductToTheCategory()[pri:1, instance:testcase.CategoryTest@e25951c]" started-at="2025-02-03T15:54:01 IST" name="addingANewProductToTheCategory" description=" add valid category" finished-at="2025-02-03T15:54:36 IST" duration-ms="34443" status="PASS">
          <reporter-output>
          </reporter-output>
        </test-method> <!-- addingANewProductToTheCategory -->
        <test-method is-config="true" signature="driverQuit(org.testng.ITestResult)[pri:0, instance:testcase.CategoryTest@e25951c]" started-at="2025-02-03T15:54:36 IST" name="driverQuit" finished-at="2025-02-03T15:54:36 IST" duration-ms="449" status="PASS">
          <params>
            <param index="0">
              <value>
                <![CDATA[[TestResult name=addingANewProductToTheCategory status=SUCCESS method=CategoryTest.addingANewProductToTheCategory()[pri:1, instance:testcase.CategoryTest@e25951c] output={null}]]]>
              </value>
            </param>
          </params>
          <reporter-output>
          </reporter-output>
        </test-method> <!-- driverQuit -->
        <test-method is-config="true" signature="initilizeBrowser(java.lang.String)[pri:0, instance:testcase.CategoryTest@e25951c]" started-at="2025-02-03T15:54:36 IST" name="initilizeBrowser" finished-at="2025-02-03T15:54:43 IST" duration-ms="7339" status="PASS">
          <params>
            <param index="0">
              <value>
                <![CDATA[chrome]]>
              </value>
            </param>
          </params>
          <reporter-output>
          </reporter-output>
        </test-method> <!-- initilizeBrowser -->
        <test-method signature="searchAndVerifyTheNewlyAddedProductInCategory()[pri:2, instance:testcase.CategoryTest@e25951c]" started-at="2025-02-03T15:54:43 IST" name="searchAndVerifyTheNewlyAddedProductInCategory" description="user able to search category" finished-at="2025-02-03T15:54:49 IST" duration-ms="6011" status="PASS">
          <reporter-output>
          </reporter-output>
        </test-method> <!-- searchAndVerifyTheNewlyAddedProductInCategory -->
        <test-method is-config="true" signature="driverQuit(org.testng.ITestResult)[pri:0, instance:testcase.CategoryTest@e25951c]" started-at="2025-02-03T15:54:49 IST" name="driverQuit" finished-at="2025-02-03T15:54:50 IST" duration-ms="220" status="PASS">
          <params>
            <param index="0">
              <value>
                <![CDATA[[TestResult name=searchAndVerifyTheNewlyAddedProductInCategory status=SUCCESS method=CategoryTest.searchAndVerifyTheNewlyAddedProductInCategory()[pri:2, instance:testcase.CategoryTest@e25951c] output={null}]]]>
              </value>
            </param>
          </params>
          <reporter-output>
          </reporter-output>
        </test-method> <!-- driverQuit -->
      </class> <!-- testcase.CategoryTest -->
    </test> <!-- Test1 -->
  </suite> <!-- Suite -->
</testng-results>
