<?xml version="1.0" encoding="UTF-8"?>
<!-- Generated by org.testng.reporters.JUnitXMLReporter -->
<testsuite ignored="3" hostname="DESKTOP-S4THFM7" failures="0" tests="1" name="Test2" time="5.658" errors="0" timestamp="2025-01-28T12:51:29 IST">
  <testcase classname="testcase.LoginTest" name="userLoginWithValidUsernameandInvalidPassword" time="1.099"/>
  <testcase classname="testcase.LoginTest" name="userLoginWithInvalidUsernameandValidPassword" time="0.0">
    <ignored/>
  </testcase> <!-- userLoginWithInvalidUsernameandValidPassword -->
  <testcase classname="testcase.LoginTest" name="userLoginWithValidUsernameandValidPassword" time="0.0">
    <ignored/>
  </testcase> <!-- userLoginWithValidUsernameandValidPassword -->
  <testcase classname="testcase.LoginTest" name="userLoginWithInvalidUsernameandInvalidPassword" time="0.0">
    <ignored/>
  </testcase> <!-- userLoginWithInvalidUsernameandInvalidPassword -->
</testsuite> <!-- Test2 -->
