<?xml version="1.0" encoding="UTF-8"?>
<!-- Generated by org.testng.reporters.JUnitXMLReporter -->
<testsuite ignored="2" hostname="DESKTOP-S4THFM7" failures="0" tests="4" name="Test1" time="201.458" errors="0" timestamp="2025-02-06T15:27:25 IST">
  <testcase classname="testcase.LoginTest" name="userLoginWithInvalidUsernameandValidPassword" time="2.267"/>
  <testcase classname="testcase.LoginTest" name="userLoginWithInvalidUsernameandValidPassword" time="1.322"/>
  <testcase classname="testcase.LoginTest" name="userLoginWithValidUsernameandValidPassword" time="182.432">
    <skipped/>
  </testcase> <!-- userLoginWithValidUsernameandValidPassword -->
  <testcase classname="testcase.LoginTest" name="userLoginWithValidUsernameandValidPassword" time="1.752"/>
  <testcase classname="testcase.LoginTest" name="userLoginWithInvalidUsernameandInvalidPassword" time="0.0">
    <ignored/>
  </testcase> <!-- userLoginWithInvalidUsernameandInvalidPassword -->
  <testcase classname="testcase.LoginTest" name="userLoginWithValidUsernameandInvalidPassword" time="0.0">
    <ignored/>
  </testcase> <!-- userLoginWithValidUsernameandInvalidPassword -->
</testsuite> <!-- Test1 -->
